<?xml version="1.0" encoding="UTF-8"?>
<testsuite xmlns:xsi="http://www.w3.org/2001/XMLSchema-instance" xsi:noNamespaceSchemaLocation="https://maven.apache.org/surefire/maven-surefire-plugin/xsd/surefire-test-report.xsd" name="AppTest" time="0.498" tests="11" errors="0" skipped="0" failures="0">
  <properties>
[...]
</properties>
  <testcase name="Name_TC_6" classname="AppTest" time="0.134"/>
  <testcase name="Name_TC_7" classname="AppTest" time="0.004"/>
  <testcase name="Group_TC_1" classname="AppTest" time="0.013"/>
  <testcase name="Group_TC_2" classname="AppTest" time="0.011"/>
  <testcase name="Deadline_TC_1" classname="AppTest" time="0.011"/>
  <testcase name="Deadline_TC_2" classname="AppTest" time="0.003"/>
  <testcase name="Email_TC_12" classname="AppTest" time="0.011"/>
  <testcase name="Email_TC_15" classname="AppTest" time="0.004"/>
  <testcase name="Id_TC_16" classname="AppTest" time="0.008"/>
  <testcase name="Id_TC_17" classname="AppTest" time="0.002"/>
  <testcase name="Name_TC_11" classname="AppTest" time="0.002"/>
</testsuite>